E, [2017-03-20T15:18:23.814257 #88684] ERROR -- Kitchen: ------Exception-------
E, [2017-03-20T15:18:23.814371 #88684] ERROR -- Kitchen: Class: Kitchen::UserError
E, [2017-03-20T15:18:23.814397 #88684] ERROR -- Kitchen: Message: Kitchen YAML file /Users/christiankewerkopf/cinq/git/ansible/test/tasks/.kitchen.yml does not exist.
E, [2017-03-20T15:18:23.814414 #88684] ERROR -- Kitchen: ----------------------
E, [2017-03-20T15:18:23.814438 #88684] ERROR -- Kitchen: ------Backtrace-------
E, [2017-03-20T15:18:23.814452 #88684] ERROR -- Kitchen: /Library/Ruby/Gems/2.0.0/gems/test-kitchen-1.16.0/lib/kitchen/loader/yaml.rb:71:in `read'
E, [2017-03-20T15:18:23.814467 #88684] ERROR -- Kitchen: /Library/Ruby/Gems/2.0.0/gems/test-kitchen-1.16.0/lib/kitchen/config.rb:152:in `data'
E, [2017-03-20T15:18:23.814481 #88684] ERROR -- Kitchen: /Library/Ruby/Gems/2.0.0/gems/test-kitchen-1.16.0/lib/kitchen/config.rb:131:in `suites'
E, [2017-03-20T15:18:23.814503 #88684] ERROR -- Kitchen: /Library/Ruby/Gems/2.0.0/gems/test-kitchen-1.16.0/lib/kitchen/config.rb:182:in `filter_instances'
E, [2017-03-20T15:18:23.814517 #88684] ERROR -- Kitchen: /Library/Ruby/Gems/2.0.0/gems/test-kitchen-1.16.0/lib/kitchen/config.rb:141:in `build_instances'
E, [2017-03-20T15:18:23.814531 #88684] ERROR -- Kitchen: /Library/Ruby/Gems/2.0.0/gems/test-kitchen-1.16.0/lib/kitchen/config.rb:117:in `instances'
E, [2017-03-20T15:18:23.814557 #88684] ERROR -- Kitchen: /Library/Ruby/Gems/2.0.0/gems/test-kitchen-1.16.0/lib/kitchen/command.rb:112:in `filtered_instances'
E, [2017-03-20T15:18:23.814571 #88684] ERROR -- Kitchen: /Library/Ruby/Gems/2.0.0/gems/test-kitchen-1.16.0/lib/kitchen/command.rb:142:in `parse_subcommand'
E, [2017-03-20T15:18:23.814585 #88684] ERROR -- Kitchen: /Library/Ruby/Gems/2.0.0/gems/test-kitchen-1.16.0/lib/kitchen/command/list.rb:30:in `call'
E, [2017-03-20T15:18:23.814598 #88684] ERROR -- Kitchen: /Library/Ruby/Gems/2.0.0/gems/test-kitchen-1.16.0/lib/kitchen/cli.rb:53:in `perform'
E, [2017-03-20T15:18:23.814612 #88684] ERROR -- Kitchen: /Library/Ruby/Gems/2.0.0/gems/test-kitchen-1.16.0/lib/kitchen/cli.rb:121:in `list'
E, [2017-03-20T15:18:23.814625 #88684] ERROR -- Kitchen: /Library/Ruby/Gems/2.0.0/gems/thor-0.19.1/lib/thor/command.rb:27:in `run'
E, [2017-03-20T15:18:23.814639 #88684] ERROR -- Kitchen: /Library/Ruby/Gems/2.0.0/gems/thor-0.19.1/lib/thor/invocation.rb:126:in `invoke_command'
E, [2017-03-20T15:18:23.814660 #88684] ERROR -- Kitchen: /Library/Ruby/Gems/2.0.0/gems/test-kitchen-1.16.0/lib/kitchen/cli.rb:334:in `invoke_task'
E, [2017-03-20T15:18:23.814673 #88684] ERROR -- Kitchen: /Library/Ruby/Gems/2.0.0/gems/thor-0.19.1/lib/thor.rb:359:in `dispatch'
E, [2017-03-20T15:18:23.814687 #88684] ERROR -- Kitchen: /Library/Ruby/Gems/2.0.0/gems/thor-0.19.1/lib/thor/base.rb:440:in `start'
E, [2017-03-20T15:18:23.814701 #88684] ERROR -- Kitchen: /Library/Ruby/Gems/2.0.0/gems/test-kitchen-1.16.0/bin/kitchen:13:in `block in <top (required)>'
E, [2017-03-20T15:18:23.814719 #88684] ERROR -- Kitchen: /Library/Ruby/Gems/2.0.0/gems/test-kitchen-1.16.0/lib/kitchen/errors.rb:171:in `with_friendly_errors'
E, [2017-03-20T15:18:23.814733 #88684] ERROR -- Kitchen: /Library/Ruby/Gems/2.0.0/gems/test-kitchen-1.16.0/bin/kitchen:13:in `<top (required)>'
E, [2017-03-20T15:18:23.814760 #88684] ERROR -- Kitchen: /usr/local/bin/kitchen:23:in `load'
E, [2017-03-20T15:18:23.814774 #88684] ERROR -- Kitchen: /usr/local/bin/kitchen:23:in `<main>'
E, [2017-03-20T15:18:23.814787 #88684] ERROR -- Kitchen: ----End Backtrace-----
